0 info it worked if it ends with ok
1 verbose cli [ 'C:\\Program Files (x86)\\nodejs\\\\node.exe',
1 verbose cli   'C:\\Program Files (x86)\\nodejs\\node_modules\\npm\\bin\\npm-cli.js',
1 verbose cli   'publish' ]
2 info using npm@1.4.28
3 info using node@v0.10.33
4 verbose node symlink C:\Program Files (x86)\nodejs\\node.exe
5 verbose publish [ '.' ]
6 verbose cache add [ '.', null ]
7 verbose cache add name=undefined spec="." args=[".",null]
8 verbose parsed url { protocol: null,
8 verbose parsed url   slashes: null,
8 verbose parsed url   auth: null,
8 verbose parsed url   host: null,
8 verbose parsed url   port: null,
8 verbose parsed url   hostname: null,
8 verbose parsed url   hash: null,
8 verbose parsed url   search: null,
8 verbose parsed url   query: null,
8 verbose parsed url   pathname: '.',
8 verbose parsed url   path: '.',
8 verbose parsed url   href: '.' }
9 silly lockFile 3a52ce78- .
10 verbose lock . C:\Users\darlan.damasio\AppData\Roaming\npm-cache\3a52ce78-.lock
11 verbose tar pack [ 'C:\\Users\\darlan.damasio\\AppData\\Roaming\\npm-cache\\slush-gulp-angular-34\\0.1.0\\package.tgz',
11 verbose tar pack   '.' ]
12 verbose tarball C:\Users\darlan.damasio\AppData\Roaming\npm-cache\slush-gulp-angular-34\0.1.0\package.tgz
13 verbose folder .
14 info prepublish slush-gulp-angular-34@0.1.0
15 silly lockFile 1f1177db-tar tar://.
16 verbose lock tar://. C:\Users\darlan.damasio\AppData\Roaming\npm-cache\1f1177db-tar.lock
17 silly lockFile b76abf90-ulp-angular-34-0-1-0-package-tgz tar://C:\Users\darlan.damasio\AppData\Roaming\npm-cache\slush-gulp-angular-34\0.1.0\package.tgz
18 verbose lock tar://C:\Users\darlan.damasio\AppData\Roaming\npm-cache\slush-gulp-angular-34\0.1.0\package.tgz C:\Users\darlan.damasio\AppData\Roaming\npm-cache\b76abf90-ulp-angular-34-0-1-0-package-tgz.lock
19 silly lockFile 1f1177db-tar tar://.
20 silly lockFile 1f1177db-tar tar://.
21 silly lockFile b76abf90-ulp-angular-34-0-1-0-package-tgz tar://C:\Users\darlan.damasio\AppData\Roaming\npm-cache\slush-gulp-angular-34\0.1.0\package.tgz
22 silly lockFile b76abf90-ulp-angular-34-0-1-0-package-tgz tar://C:\Users\darlan.damasio\AppData\Roaming\npm-cache\slush-gulp-angular-34\0.1.0\package.tgz
23 silly lockFile d9ebc0b7-sh-gulp-angular-34-0-1-0-package C:\Users\darlan.damasio\AppData\Roaming\npm-cache\slush-gulp-angular-34\0.1.0\package
24 verbose lock C:\Users\darlan.damasio\AppData\Roaming\npm-cache\slush-gulp-angular-34\0.1.0\package C:\Users\darlan.damasio\AppData\Roaming\npm-cache\d9ebc0b7-sh-gulp-angular-34-0-1-0-package.lock
25 silly lockFile d9ebc0b7-sh-gulp-angular-34-0-1-0-package C:\Users\darlan.damasio\AppData\Roaming\npm-cache\slush-gulp-angular-34\0.1.0\package
26 silly lockFile d9ebc0b7-sh-gulp-angular-34-0-1-0-package C:\Users\darlan.damasio\AppData\Roaming\npm-cache\slush-gulp-angular-34\0.1.0\package
27 silly lockFile 3a52ce78- .
28 silly lockFile 3a52ce78- .
29 silly publish { name: 'slush-gulp-angular-34',
29 silly publish   version: '0.1.0',
29 silly publish   description: 'Generate a simple web project with gulp and angularJs',
29 silly publish   main: 'slushfile.js',
29 silly publish   scripts: { test: 'echo "Error: no test specified" && exit 1' },
29 silly publish   repository:
29 silly publish    { type: 'git',
29 silly publish      url: 'https://github.com/damasio34/slush-gulp-angular-34.git' },
29 silly publish   keywords: [ 'slush', 'angular', 'gulp' ],
29 silly publish   author: { name: 'Darlan Damasio', email: 'darlan@damasio34.com' },
29 silly publish   license: 'MIT',
29 silly publish   bugs: { url: 'https://github.com/damasio34/slush-gulp-angular-34/issues' },
29 silly publish   homepage: 'https://github.com/damasio34/slush-gulp-angular-34',
29 silly publish   dependencies:
29 silly publish    { gulp: '^3.9.0',
29 silly publish      'gulp-conflict': '^0.4.0',
29 silly publish      'gulp-install': '^0.4.0',
29 silly publish      'gulp-rename': '^1.2.2',
29 silly publish      'gulp-template': '^3.0.0',
29 silly publish      inquirer: '^0.8.5',
29 silly publish      'underscore.string': '^3.1.1' },
29 silly publish   gitHead: 'e7102fb0f046ebb34fbcf11ad6cd06cab2f89ae0',
29 silly publish   readme: 'ERROR: No README data found!',
29 silly publish   _id: 'slush-gulp-angular-34@0.1.0',
29 silly publish   _shasum: 'd4f46fb5e313eb1a1e199cfd5c41d8953079b5c6',
29 silly publish   _from: '.' }
30 error need auth auth and email required for publishing
30 error need auth You need to authorize this machine using `npm adduser`
31 error System Windows_NT 6.1.7601
32 error command "C:\\Program Files (x86)\\nodejs\\\\node.exe" "C:\\Program Files (x86)\\nodejs\\node_modules\\npm\\bin\\npm-cli.js" "publish"
33 error cwd D:\Darlan\Repositorios\slush-gulp-angular-34
34 error node -v v0.10.33
35 error npm -v 1.4.28
36 error code ENEEDAUTH
37 verbose exit [ 1, true ]
